[2015-08-03 19:57:31] START
[2015-08-03 19:57:57] CREATE new_courses.py: 0
[2015-08-03 20:01:01] EDIT fizcode/models/new_courses.py: 4
[2015-08-03 20:01:42] EDIT fizcode/models/new_courses.py: 0
[2015-08-03 20:03:33] EDIT fizcode/controllers/default.py: -3
[2015-08-03 20:04:24] EDIT fizcode/views/default/index.html: 250
[2015-08-03 20:05:55] CREATE newcourses.html: 0
[2015-08-03 20:06:23] EDIT fizcode/views/default/index.html: 3
[2015-08-03 20:08:10] EDIT fizcode/views/default/index.html: 0
[2015-08-03 20:10:24] EDIT fizcode/controllers/default.py: 1
[2015-08-03 20:13:19] EDIT fizcode/views/default/index.html: 0
[2015-08-03 20:14:04] EDIT fizcode/controllers/default.py: -2
[2015-08-03 20:14:11] EDIT fizcode/controllers/default.py: 1
[2015-08-03 20:14:33] EDIT fizcode/controllers/default.py: 0
[2015-08-03 20:14:37] EDIT fizcode/controllers/default.py: 0
[2015-08-03 20:18:10] EDIT fizcode/views/newcourses.html: 7
[2015-08-03 20:18:27] EDIT fizcode/views/newcourses.html: 0
[2015-08-03 20:19:12] EDIT fizcode/views/newcourses.html: 2
[2015-08-03 20:20:15] EDIT fizcode/views/newcourses.html: 0
[2015-08-03 20:23:52] EDIT fizcode/views/default/index.html: 0
[2015-08-03 20:24:12] EDIT fizcode/views/default/index.html: 0
[2015-08-03 20:26:13] DELETE fizcode/views/newcourses.html: -12
[2015-08-03 20:26:27] CREATE default/newcourses.html: 0
[2015-08-03 20:26:39] EDIT fizcode/views/default/newcourses.html: 9
[2015-08-03 20:28:29] EDIT fizcode/views/default/newcourses.html: 0
[2015-08-03 20:29:21] EDIT fizcode/views/default/index.html: -1
[2015-08-03 20:31:16] UPLOAD C:/Users/maxse_000/Downloads/Installers_Setups/web2py_win/web2py/applications/fizcode/static/css/normalize.css: 552
[2015-08-03 20:34:05] EDIT fizcode/static/css/normalize.css: 0
[2015-08-03 20:34:22] UPLOAD C:/Users/maxse_000/Downloads/Installers_Setups/web2py_win/web2py/applications/fizcode/static/css/style.css: 173
[2015-08-03 20:34:50] EDIT fizcode/static/css/style.css: 0
[2015-08-03 20:35:32] UPLOAD C:/Users/maxse_000/Downloads/Installers_Setups/web2py_win/web2py/applications/fizcode/static/css/style_small.css: 10
[2015-08-03 20:35:58] EDIT fizcode/static/css/style_small.css: 0
[2015-08-03 20:36:19] UPLOAD C:/Users/maxse_000/Downloads/Installers_Setups/web2py_win/web2py/applications/fizcode/static/css/login.css: 123
[2015-08-03 20:36:49] EDIT fizcode/static/css/login.css: 0
[2015-08-03 20:37:12] UPLOAD C:/Users/maxse_000/Downloads/Installers_Setups/web2py_win/web2py/applications/fizcode/static/css/login_large.css: 34
[2015-08-03 20:37:44] EDIT fizcode/static/css/login_large.css: 0
[2015-08-03 20:38:01] UPLOAD C:/Users/maxse_000/Downloads/Installers_Setups/web2py_win/web2py/applications/fizcode/static/css/login_small.css: 24
[2015-08-03 20:38:24] EDIT fizcode/static/css/login_small.css: 0
[2015-08-03 20:39:21] UPLOAD C:/Users/maxse_000/Downloads/Installers_Setups/web2py_win/web2py/applications/fizcode/static/images/sprites.png: 85
[2015-08-03 20:39:44] UPLOAD C:/Users/maxse_000/Downloads/Installers_Setups/web2py_win/web2py/applications/fizcode/static/images/FizcodeIcon.ico: 1
[2015-08-03 20:40:06] UPLOAD C:/Users/maxse_000/Downloads/Installers_Setups/web2py_win/web2py/applications/fizcode/static/images/imgbg5.jpg: 10099
[2015-08-03 20:41:33] EDIT fizcode/views/default/index.html: 0
[2015-08-03 20:41:48] EDIT fizcode/views/default/index.html: 0
[2015-08-03 20:42:06] EDIT fizcode/views/default/index.html: 0
[2015-08-03 20:43:12] CREATE default/courses.html: 0
[2015-08-03 20:44:46] EDIT fizcode/views/default/courses.html: 163
[2015-08-03 20:46:12] EDIT fizcode/views/layout.html: -13
[2015-08-03 20:46:33] EDIT fizcode/views/layout.html: 0
[2015-08-03 20:47:03] EDIT fizcode/views/layout.html: -3
[2015-08-03 20:47:23] EDIT fizcode/views/layout.html: 0
[2015-08-03 20:47:46] EDIT fizcode/views/layout.html: 0
[2015-08-03 20:48:50] EDIT fizcode/views/layout.html: 2
[2015-08-03 20:49:16] EDIT fizcode/views/layout.html: -3
[2015-08-03 20:49:47] EDIT fizcode/views/layout.html: 1
[2015-08-03 20:50:22] EDIT fizcode/views/layout.html: 0
[2015-08-03 20:50:32] EDIT fizcode/views/layout.html: -13
[2015-08-03 20:50:59] EDIT fizcode/views/layout.html: -3
[2015-08-03 20:51:07] EDIT fizcode/views/layout.html: -1
[2015-08-03 20:51:45] EDIT fizcode/views/layout.html: -11
[2015-08-03 20:52:34] EDIT fizcode/views/layout.html: 24
[2015-08-03 20:53:25] EDIT fizcode/views/layout.html: -10
[2015-08-03 20:53:35] EDIT fizcode/views/layout.html: -1
[2015-08-03 20:54:02] EDIT fizcode/views/layout.html: -3
[2015-08-03 20:54:36] EDIT fizcode/views/layout.html: -3
[2015-08-03 20:55:06] EDIT fizcode/views/layout.html: -9
[2015-08-03 20:55:41] EDIT fizcode/views/layout.html: -12
[2015-08-03 20:56:39] EDIT fizcode/views/layout.html: -12
[2015-08-03 20:56:56] EDIT fizcode/views/layout.html: -3
[2015-08-03 20:57:23] EDIT fizcode/views/layout.html: -25
[2015-08-03 20:57:54] EDIT fizcode/views/layout.html: 14
[2015-08-03 20:58:13] EDIT fizcode/views/layout.html: 10
[2015-08-03 20:58:35] EDIT fizcode/views/layout.html: -9
[2015-08-03 20:58:47] EDIT fizcode/views/layout.html: -5
[2015-08-03 20:59:06] EDIT fizcode/views/layout.html: -4
[2015-08-03 20:59:35] EDIT fizcode/views/layout.html: -7
[2015-08-03 21:00:03] EDIT fizcode/views/layout.html: 0
[2015-08-03 21:00:16] EDIT fizcode/views/layout.html: 0
[2015-08-03 21:00:40] EDIT fizcode/views/layout.html: 4
[2015-08-03 21:00:54] EDIT fizcode/views/layout.html: -1
[2015-08-03 21:01:36] EDIT fizcode/views/layout.html: -1
[2015-08-03 21:02:11] EDIT fizcode/views/layout.html: -1
[2015-08-03 21:02:57] EDIT fizcode/views/layout.html: 0
[2015-08-03 21:03:32] EDIT fizcode/views/default/index.html: 0
[2015-08-03 21:04:07] EDIT fizcode/views/layout.html: -2
[2015-08-03 21:07:17] EDIT fizcode/views/layout.html: 1
[2015-08-03 21:07:58] EDIT fizcode/views/layout.html: 0
[2015-08-03 21:08:50] EDIT fizcode/views/default/index.html: 0
[2015-08-03 21:11:03] EDIT fizcode/static/css/style.css: 0
[2015-08-03 21:12:06] EDIT fizcode/static/css/style.css: 0
[2015-08-03 21:12:19] EDIT fizcode/static/css/style.css: 0
[2015-08-03 21:12:29] EDIT fizcode/static/css/style.css: 0
[2015-08-03 21:12:38] EDIT fizcode/static/css/style.css: 0
[2015-08-03 21:12:47] EDIT fizcode/static/css/style.css: 0
[2015-08-03 21:20:57] EDIT fizcode/static/css/style.css: 0
[2015-08-03 21:21:36] EDIT fizcode/static/css/style.css: 0
[2015-08-03 21:22:14] EDIT fizcode/static/css/style.css: 0
[2015-08-03 21:22:35] EDIT fizcode/static/css/style.css: 0
[2015-08-03 21:22:52] EDIT fizcode/static/css/style.css: 0
[2015-08-03 21:23:52] EDIT fizcode/static/css/style.css: 0
[2015-08-03 21:25:46] EDIT fizcode/static/css/style.css: 0
[2015-08-03 21:26:16] EDIT fizcode/static/css/style.css: 0
[2015-08-03 21:26:36] EDIT fizcode/static/css/style.css: 0
[2015-08-03 21:29:21] EDIT fizcode/static/css/style.css: 0
[2015-08-03 21:29:37] EDIT fizcode/static/css/style.css: 0
[2015-08-03 21:29:47] EDIT fizcode/static/css/style.css: 0
[2015-08-03 21:30:16] UPLOAD C:/Users/maxse_000/Downloads/Installers_Setups/web2py_win/web2py/applications/fizcode/static/imgbg5.jpg: 10099
[2015-08-03 21:30:24] EDIT fizcode/static/css/style.css: 0
[2015-08-03 21:30:34] EDIT fizcode/static/css/style.css: 0
[2015-08-03 21:32:17] EDIT fizcode/static/css/style.css: 0
[2015-08-03 21:35:40] EDIT fizcode/static/css/style.css: 0
[2015-08-03 21:36:03] EDIT fizcode/static/css/style.css: 0
[2015-08-03 21:36:16] EDIT fizcode/static/css/style.css: 0
[2015-08-03 21:38:01] EDIT fizcode/views/layout.html: 0
[2015-08-03 21:38:46] EDIT fizcode/views/layout.html: 0
[2015-08-03 21:40:07] UPLOAD C:/Users/maxse_000/Downloads/Installers_Setups/web2py_win/web2py/applications/fizcode/static/css/courses.css: 43
[2015-08-03 21:40:24] UPLOAD C:/Users/maxse_000/Downloads/Installers_Setups/web2py_win/web2py/applications/fizcode/static/css/courses_large.css: 3
[2015-08-03 21:40:40] UPLOAD C:/Users/maxse_000/Downloads/Installers_Setups/web2py_win/web2py/applications/fizcode/static/css/courses_medium.css: 3
[2015-08-03 21:40:54] UPLOAD C:/Users/maxse_000/Downloads/Installers_Setups/web2py_win/web2py/applications/fizcode/static/css/courses_small.css: 3
[2015-08-03 21:43:04] EDIT fizcode/views/default/courses.html: 0
[2015-08-03 21:43:50] EDIT fizcode/controllers/default.py: 3
[2015-08-03 21:46:44] EDIT fizcode/views/default/courses.html: -25
[2015-08-03 21:53:27] EDIT fizcode/controllers/default.py: -1
[2015-08-03 21:54:24] EDIT fizcode/views/default/courses.html: 1
[2015-08-03 22:04:05] EDIT fizcode/views/default/courses.html: -5
[2015-08-03 22:05:39] EDIT fizcode/views/default/newcourses.html: -9
[2015-08-03 22:11:25] EDIT fizcode/controllers/default.py: 4
[2015-08-03 22:12:52] EDIT fizcode/controllers/default.py: 1
[2015-08-03 22:13:01] EDIT fizcode/controllers/default.py: 0
[2015-08-03 22:13:37] EDIT fizcode/controllers/default.py: 1
[2015-08-03 22:16:12] EDIT fizcode/controllers/default.py: 2
[2015-08-03 22:16:24] EDIT fizcode/controllers/default.py: 1
[2015-08-03 22:17:47] EDIT fizcode/controllers/default.py: 0
[2015-08-03 22:42:07] EDIT fizcode/controllers/default.py: 0
[2015-08-03 22:42:21] EDIT fizcode/controllers/default.py: 0
[2015-08-03 22:42:53] EDIT fizcode/controllers/default.py: 0
[2015-08-03 22:45:01] EDIT fizcode/controllers/default.py: 0
[2015-08-03 22:45:36] EDIT fizcode/controllers/default.py: 0
[2015-08-03 22:46:05] EDIT fizcode/controllers/default.py: 0
[2015-08-03 22:46:10] EDIT fizcode/controllers/default.py: 1
[2015-08-03 22:46:14] EDIT fizcode/controllers/default.py: 0
[2015-08-03 22:47:04] EDIT fizcode/controllers/default.py: 0
[2015-08-03 22:47:08] EDIT fizcode/controllers/default.py: -1
[2015-08-03 22:47:31] EDIT fizcode/controllers/default.py: 0
[2015-08-03 22:47:35] EDIT fizcode/controllers/default.py: 0
[2015-08-03 22:47:42] EDIT fizcode/controllers/default.py: 0
[2015-08-03 22:47:46] EDIT fizcode/controllers/default.py: 0
[2015-08-03 22:48:20] EDIT fizcode/controllers/default.py: 0
[2015-08-03 22:48:38] EDIT fizcode/controllers/default.py: 0
[2015-08-03 23:01:39] EDIT fizcode/views/default/newcourses.html: 2
[2015-08-03 23:02:44] EDIT fizcode/controllers/default.py: 1
[2015-08-03 23:03:21] EDIT fizcode/views/default/newcourses.html: 0
[2015-08-03 23:04:26] EDIT fizcode/controllers/default.py: 0
[2015-08-03 23:07:17] EDIT fizcode/views/default/newcourses.html: 14
[2015-08-03 23:08:18] EDIT fizcode/views/default/newcourses.html: 2
[2015-08-03 23:08:35] EDIT fizcode/views/default/newcourses.html: 0
[2015-08-03 23:10:53] EDIT fizcode/views/default/newcourses.html: 4
[2015-08-03 23:11:51] EDIT fizcode/views/default/newcourses.html: 0
[2015-08-03 23:12:03] EDIT fizcode/views/default/newcourses.html: 1
[2015-08-03 23:12:47] EDIT fizcode/views/default/newcourses.html: 0
[2015-08-03 23:14:55] EDIT fizcode/views/default/newcourses.html: 0
[2015-08-03 23:15:16] EDIT fizcode/views/default/newcourses.html: 0
[2015-08-03 23:16:05] EDIT fizcode/views/default/newcourses.html: 0
[2015-08-03 23:17:48] DELETE fizcode/models/new_courses.py: -4
[2015-08-03 23:17:57] CREATE new_courses.py: 0
[2015-08-03 23:20:49] EDIT fizcode/models/new_courses.py: 4
[2015-08-03 23:21:25] EDIT fizcode/models/new_courses.py: 0
[2015-08-03 23:21:39] EDIT fizcode/models/new_courses.py: 0
[2015-08-03 23:23:16] EDIT fizcode/models/new_courses.py: 0
[2015-08-03 23:24:07] EDIT fizcode/controllers/default.py: 0
[2015-08-03 23:25:13] EDIT fizcode/controllers/default.py: 0
[2015-08-03 23:26:58] EDIT fizcode/views/default/index.html: -1
[2015-08-03 23:27:21] EDIT fizcode/views/default/courses.html: -1
[2015-08-03 23:27:37] EDIT fizcode/views/default/courses.html: 1
[2015-08-03 23:27:39] EDIT fizcode/views/default/index.html: 0
[2015-08-03 23:27:41] EDIT fizcode/views/default/index.html: 1
[2015-08-03 23:27:58] EDIT fizcode/views/default/index.html: 0
[2015-08-03 23:28:00] EDIT fizcode/views/default/courses.html: 0
[2015-08-04 00:27:24] EDIT fizcode/static/css/style.css: 0
[2015-08-04 00:29:13] EDIT fizcode/static/css/style.css: 0
[2015-08-04 00:35:30] EDIT fizcode/views/default/index.html: -7
[2015-08-04 00:36:45] UPLOAD C:/Users/maxse_000/Downloads/Installers_Setups/web2py_win/web2py/applications/fizcode/static/css/imgbg5.jpg: 10099
[2015-08-04 00:37:18] DELETE fizcode/static/imgbg5.jpg: -1
[2015-08-04 00:37:35] DELETE fizcode/static/images/imgbg5.jpg: -1
[2015-08-04 00:38:00] UPLOAD C:/Users/maxse_000/Downloads/Installers_Setups/web2py_win/web2py/applications/fizcode/static/css/sprites.png: 85
[2015-08-04 00:38:29] EDIT fizcode/static/css/style.css: 0
[2015-08-04 00:39:07] EDIT fizcode/static/css/normalize.css: 0
[2015-08-04 11:19:08] EDIT fizcode/models/new_courses.py: 1
[2015-08-04 11:20:34] EDIT fizcode/models/new_courses.py: -1
[2015-08-04 11:21:57] EDIT fizcode/models/new_courses.py: 1
[2015-08-04 11:23:02] EDIT fizcode/models/new_courses.py: 0
[2015-08-04 11:28:30] EDIT fizcode/models/new_courses.py: -1
[2015-08-04 11:29:40] EDIT fizcode/views/default/newcourses.html: 2
[2015-08-04 11:30:49] EDIT fizcode/views/default/newcourses.html: 1
[2015-08-04 11:31:15] EDIT fizcode/views/default/newcourses.html: 0
[2015-08-04 11:44:12] EDIT fizcode/controllers/default.py: 1
[2015-08-04 11:45:06] EDIT fizcode/controllers/default.py: 0
[2015-08-04 11:46:38] EDIT fizcode/controllers/default.py: 0
[2015-08-04 11:49:55] EDIT fizcode/controllers/default.py: -1
[2015-08-04 11:51:36] EDIT fizcode/views/default/newcourses.html: 4
[2015-08-04 11:56:36] EDIT fizcode/views/default/newcourses.html: 2
[2015-08-04 12:01:41] EDIT fizcode/views/default/newcourses.html: 0
[2015-08-04 12:02:52] EDIT fizcode/views/default/newcourses.html: 1
[2015-08-04 12:04:04] EDIT fizcode/views/default/newcourses.html: 0
[2015-08-04 12:04:46] EDIT fizcode/views/default/newcourses.html: 0
[2015-08-04 12:06:00] EDIT fizcode/views/default/newcourses.html: 0
[2015-08-04 12:06:09] EDIT fizcode/views/default/newcourses.html: 0
[2015-08-04 12:06:33] EDIT fizcode/views/default/newcourses.html: 0
[2015-08-04 12:06:44] EDIT fizcode/views/default/newcourses.html: 0
[2015-08-04 12:07:51] EDIT fizcode/views/default/newcourses.html: 0
[2015-08-04 12:08:01] EDIT fizcode/views/default/newcourses.html: 0
[2015-08-04 12:08:27] EDIT fizcode/views/default/newcourses.html: 0
[2015-08-04 12:08:49] EDIT fizcode/views/default/newcourses.html: 0
[2015-08-04 12:09:16] EDIT fizcode/views/default/newcourses.html: 0
[2015-08-04 12:09:27] EDIT fizcode/views/default/newcourses.html: 0
[2015-08-04 12:09:39] EDIT fizcode/views/default/newcourses.html: 0
[2015-08-04 12:09:48] EDIT fizcode/views/default/newcourses.html: 0
[2015-08-04 12:10:10] EDIT fizcode/views/default/newcourses.html: 0
[2015-08-04 12:10:20] EDIT fizcode/views/default/newcourses.html: 0
[2015-08-04 12:10:38] EDIT fizcode/views/default/newcourses.html: 0
[2015-08-04 12:19:33] EDIT fizcode/views/default/newcourses.html: 0
[2015-08-04 12:19:50] EDIT fizcode/views/default/newcourses.html: 0
[2015-08-04 12:20:22] EDIT fizcode/views/default/newcourses.html: 0
[2015-08-04 12:20:46] EDIT fizcode/models/new_courses.py: 1
[2015-08-04 12:22:20] EDIT fizcode/models/new_courses.py: 0
[2015-08-04 12:22:31] EDIT fizcode/models/new_courses.py: 0
[2015-08-04 12:25:54] EDIT fizcode/models/new_courses.py: 0
[2015-08-04 12:26:00] EDIT fizcode/models/new_courses.py: 0
[2015-08-04 12:27:16] EDIT fizcode/views/default/newcourses.html: 1
[2015-08-04 12:35:53] EDIT fizcode/models/new_courses.py: 0
[2015-08-04 12:36:03] EDIT fizcode/models/new_courses.py: 0
[2015-08-04 12:36:12] EDIT fizcode/models/new_courses.py: 0
[2015-08-04 12:36:50] EDIT fizcode/models/new_courses.py: 1
[2015-08-04 12:37:59] EDIT fizcode/models/new_courses.py: 1
[2015-08-04 12:38:35] EDIT fizcode/models/new_courses.py: 0
[2015-08-04 12:38:46] EDIT fizcode/models/new_courses.py: 0
[2015-08-04 12:39:49] EDIT fizcode/models/new_courses.py: 1
[2015-08-04 12:44:07] EDIT fizcode/models/new_courses.py: -1
[2015-08-04 12:50:45] EDIT fizcode/models/new_courses.py: 0
[2015-08-04 12:52:54] EDIT fizcode/models/new_courses.py: -1
[2015-08-04 12:53:19] EDIT fizcode/models/new_courses.py: -2
[2015-08-04 12:53:48] EDIT fizcode/models/new_courses.py: 1
[2015-08-04 13:12:52] EDIT fizcode/models/new_courses.py: -1
[2015-08-04 13:21:45] EDIT fizcode/controllers/default.py: -11
[2015-08-04 13:23:27] EDIT fizcode/controllers/default.py: 0
[2015-08-04 13:23:33] EDIT fizcode/controllers/default.py: 0
[2015-08-04 13:23:38] EDIT fizcode/controllers/default.py: 0
[2015-08-04 13:23:40] EDIT fizcode/controllers/default.py: 0
[2015-08-04 13:29:41] EDIT fizcode/views/default/index.html: 3
[2015-08-04 13:31:30] EDIT fizcode/views/default/index.html: 0
[2015-08-04 13:35:21] EDIT fizcode/views/default/index.html: 0
[2015-08-04 13:36:04] EDIT fizcode/controllers/default.py: 0
[2015-08-04 13:37:21] EDIT fizcode/views/default/index.html: 0
[2015-08-04 13:39:15] EDIT fizcode/controllers/default.py: 6
[2015-08-04 13:43:38] EDIT fizcode/controllers/default.py: 0
[2015-08-04 13:44:56] EDIT fizcode/controllers/default.py: -2
[2015-08-04 13:45:14] EDIT fizcode/controllers/default.py: -6
[2015-08-04 13:49:15] EDIT fizcode/views/default/index.html: -1
[2015-08-04 13:50:53] EDIT fizcode/controllers/default.py: 0
[2015-08-04 13:51:13] EDIT fizcode/controllers/default.py: 0
[2015-08-04 13:52:23] EDIT fizcode/controllers/default.py: 0
[2015-08-04 13:52:37] EDIT fizcode/controllers/default.py: 0
[2015-08-04 13:53:39] EDIT fizcode/controllers/default.py: 0
[2015-08-04 13:54:03] EDIT fizcode/controllers/default.py: 0
[2015-08-04 13:54:46] EDIT fizcode/views/default/index.html: 0
[2015-08-04 13:55:08] EDIT fizcode/views/default/index.html: 0
[2015-08-04 14:03:34] EDIT fizcode/controllers/default.py: 1
[2015-08-04 14:03:43] EDIT fizcode/controllers/default.py: 0
[2015-08-04 14:03:48] EDIT fizcode/controllers/default.py: 0
[2015-08-04 14:03:51] EDIT fizcode/controllers/default.py: 0
[2015-08-04 14:03:59] EDIT fizcode/controllers/default.py: 0
[2015-08-04 14:04:04] EDIT fizcode/controllers/default.py: 0
[2015-08-04 14:05:01] EDIT fizcode/controllers/default.py: 0
[2015-08-04 14:05:06] EDIT fizcode/controllers/default.py: 0
[2015-08-04 14:05:10] EDIT fizcode/controllers/default.py: 0
[2015-08-04 14:05:12] EDIT fizcode/controllers/default.py: 0
[2015-08-04 14:05:14] EDIT fizcode/controllers/default.py: 0
[2015-08-04 14:05:17] EDIT fizcode/controllers/default.py: 0
[2015-08-04 14:05:21] EDIT fizcode/controllers/default.py: 0
[2015-08-04 14:05:24] EDIT fizcode/controllers/default.py: 0
[2015-08-04 14:05:27] EDIT fizcode/controllers/default.py: 0
[2015-08-04 14:05:31] EDIT fizcode/controllers/default.py: 0
[2015-08-04 14:05:33] EDIT fizcode/controllers/default.py: 0
[2015-08-04 14:05:42] EDIT fizcode/controllers/default.py: 0
[2015-08-04 14:05:46] EDIT fizcode/controllers/default.py: 0
[2015-08-04 14:09:40] EDIT fizcode/views/default/index.html: 0
[2015-08-04 14:10:00] EDIT fizcode/controllers/default.py: 0
[2015-08-04 14:10:14] EDIT fizcode/controllers/default.py: 0
[2015-08-04 14:10:23] EDIT fizcode/controllers/default.py: 0
[2015-08-04 14:10:25] EDIT fizcode/controllers/default.py: 0
[2015-08-04 14:14:33] EDIT fizcode/views/default/index.html: 0
[2015-08-04 14:15:15] EDIT fizcode/views/default/index.html: -1
[2015-08-04 14:16:09] EDIT fizcode/views/default/index.html: 0
[2015-08-04 14:16:40] EDIT fizcode/views/default/index.html: 0
[2015-08-04 14:18:10] EDIT fizcode/views/default/index.html: 10
[2015-08-04 14:18:46] EDIT fizcode/views/default/index.html: 3
[2015-08-04 14:19:38] EDIT fizcode/controllers/default.py: 0
[2015-08-04 14:21:57] EDIT fizcode/views/default/index.html: 3
[2015-08-04 14:22:22] EDIT fizcode/views/default/index.html: -3
[2015-08-04 14:23:37] EDIT fizcode/views/default/index.html: -12
[2015-08-04 19:07:09] EDIT fizcode/views/default/index.html: 0
[2015-08-04 19:11:09] EDIT fizcode/models/new_courses.py: 1
[2015-08-04 19:12:35] EDIT fizcode/controllers/default.py: 3
[2015-08-04 19:12:42] EDIT fizcode/controllers/default.py: 0
[2015-08-04 19:12:50] EDIT fizcode/controllers/default.py: 0
[2015-08-04 19:13:51] EDIT fizcode/views/default/index.html: 0
[2015-08-04 19:15:07] EDIT fizcode/controllers/default.py: 0
[2015-08-04 19:15:47] EDIT fizcode/views/default/index.html: 0
[2015-08-04 19:15:51] EDIT fizcode/views/default/index.html: 0
[2015-08-04 19:15:57] EDIT fizcode/views/default/index.html: -1
[2015-08-04 19:16:29] EDIT fizcode/views/default/index.html: 1
[2015-08-04 19:16:41] EDIT fizcode/views/default/index.html: 0
[2015-08-04 19:16:50] EDIT fizcode/views/default/index.html: 0
[2015-08-04 19:17:20] EDIT fizcode/views/default/index.html: -2
[2015-08-04 19:17:49] EDIT fizcode/views/default/index.html: 0
[2015-08-04 19:18:45] EDIT fizcode/views/default/index.html: -11
[2015-08-04 19:18:55] EDIT fizcode/views/default/index.html: -1
[2015-08-04 19:19:30] EDIT fizcode/views/default/index.html: 9
[2015-08-04 19:19:52] EDIT fizcode/views/default/index.html: 1
[2015-08-04 19:20:16] EDIT fizcode/views/default/index.html: 0
[2015-08-04 19:20:31] EDIT fizcode/views/default/index.html: 0
[2015-08-04 19:25:11] EDIT fizcode/views/default/newcourses.html: 0
[2015-08-17 12:14:44] EDIT fizcode/views/default/index.html: -9
[2015-08-17 17:14:41] EDIT fizcode/views/default/index.html: -6
[2015-08-17 17:14:49] EDIT fizcode/views/default/index.html: -1
[2015-08-17 17:16:20] EDIT fizcode/views/default/courses.html: -11
[2015-08-17 17:17:54] EDIT fizcode/views/layout.html: 33
[2015-08-17 17:18:26] EDIT fizcode/views/default/index.html: -33
[2015-08-17 17:19:20] EDIT fizcode/views/default/courses.html: -94
[2015-08-17 17:19:29] EDIT fizcode/views/layout.html: 60
[2015-08-17 17:20:04] EDIT fizcode/views/default/index.html: -51
[2015-08-17 17:20:28] EDIT fizcode/views/layout.html: -9
[2015-08-17 17:25:01] EDIT fizcode/views/layout.html: 65
[2015-08-17 17:25:33] EDIT fizcode/views/layout.html: 0
[2015-08-17 17:26:11] EDIT fizcode/views/layout.html: -10
[2015-08-17 17:26:49] EDIT fizcode/views/layout.html: -23
[2015-08-17 17:27:04] EDIT fizcode/views/layout.html: -1
[2015-08-17 17:27:22] EDIT fizcode/views/layout.html: 1
[2015-08-17 17:27:51] EDIT fizcode/views/layout.html: 33
[2015-08-17 17:35:18] EDIT fizcode/views/layout.html: 0
[2015-08-17 17:36:24] EDIT fizcode/views/layout.html: -32
[2015-08-17 17:37:15] DELETE fizcode/static/css/imgbg5.jpg: -1
[2015-08-17 17:37:22] DELETE fizcode/static/css/sprites.png: -1
[2015-08-17 17:39:39] EDIT fizcode/views/layout.html: 0
[2015-08-17 17:40:04] EDIT fizcode/views/layout.html: 0
[2015-08-17 17:41:46] EDIT fizcode/views/layout.html: 0
[2015-08-17 17:44:03] EDIT fizcode/views/layout.html: 0
[2015-08-17 17:44:13] EDIT fizcode/views/layout.html: 0
[2015-08-17 17:44:23] EDIT fizcode/views/layout.html: 0
[2015-08-17 17:44:56] EDIT fizcode/static/css/style/style.css: 0
[2015-08-17 17:45:11] EDIT fizcode/static/css/style/style.css: 0
[2015-08-17 17:45:21] EDIT fizcode/static/css/style/style.css: 0
[2015-08-17 17:45:32] EDIT fizcode/static/css/style/style.css: 0
[2015-08-17 17:45:43] EDIT fizcode/static/css/style/style.css: 0
[2015-08-17 17:47:12] EDIT fizcode/views/layout.html: 1
[2015-08-17 17:48:02] EDIT fizcode/views/layout.html: 0
[2015-08-17 17:50:47] EDIT fizcode/controllers/default.py: 0
[2015-08-17 17:51:03] EDIT fizcode/controllers/default.py: 2
[2015-08-17 17:51:31] EDIT fizcode/views/default/course.html: 1
[2015-08-17 17:52:00] EDIT fizcode/views/default/course.html: -33
[2015-08-17 17:53:45] EDIT fizcode/views/default/course.html: 0
[2015-08-17 17:54:14] EDIT fizcode/views/default/course.html: 0
[2015-08-17 17:57:32] EDIT fizcode/views/default/course.html: 0
[2015-08-17 17:58:07] EDIT fizcode/views/default/course.html: 0
[2015-08-17 17:58:48] EDIT fizcode/views/default/course.html: 0
[2015-08-17 18:00:30] EDIT fizcode/views/default/course.html: 0
[2015-08-17 18:01:02] EDIT fizcode/views/default/course.html: 0
[2015-08-17 18:10:09] EDIT fizcode/views/default/index.html: 0
[2015-08-17 18:16:34] EDIT fizcode/views/layout.html: 0
[2015-08-17 18:26:45] EDIT fizcode/views/layout.html: 0
[2015-08-17 18:33:14] EDIT fizcode/views/layout.html: 0
[2015-08-17 18:34:26] EDIT fizcode/views/layout.html: 0
[2015-08-17 18:41:56] CREATE default/header.html: 0
[2015-08-17 18:42:05] CREATE default/footer.html: 0
[2015-08-17 18:43:01] EDIT fizcode/views/layout.html: -18
[2015-08-17 18:44:58] EDIT fizcode/views/layout.html: 0
[2015-08-17 18:45:41] EDIT fizcode/views/default/header.html: 14
[2015-08-17 18:45:50] EDIT fizcode/views/default/header.html: 0
[2015-08-17 18:46:06] EDIT fizcode/views/layout.html: 0
[2015-08-17 18:46:49] EDIT fizcode/views/layout.html: -32
[2015-08-17 18:49:02] EDIT fizcode/views/default/footer.html: 28
[2015-08-17 18:49:41] EDIT fizcode/views/layout.html: 1
[2015-08-17 18:50:22] EDIT fizcode/views/layout.html: 49
[2015-08-17 18:53:01] EDIT fizcode/views/layout.html: 1
[2015-08-17 19:09:20] DELETE fizcode/static/images/twitter.png: -1
[2015-08-17 19:40:45] EDIT fizcode/models/new_courses.py: -2
[2015-08-17 19:41:16] EDIT fizcode/controllers/default.py: -3
[2015-08-17 19:41:44] EDIT fizcode/controllers/default.py: 0
[2015-08-17 19:41:49] EDIT fizcode/controllers/default.py: 0
[2015-08-17 20:15:41] EDIT fizcode/views/default/courses.html: 0
[2015-08-17 20:16:06] EDIT fizcode/controllers/default.py: 0
[2015-08-17 20:17:18] EDIT fizcode/views/default/courses.html: 0
[2015-08-17 20:18:01] EDIT fizcode/controllers/default.py: 0
[2015-08-17 20:18:16] EDIT fizcode/views/default/courses.html: 0
[2015-08-17 20:19:22] EDIT fizcode/controllers/default.py: 0
[2015-08-17 20:20:11] EDIT fizcode/views/default/courses.html: -2
[2015-08-17 20:20:30] EDIT fizcode/views/default/courses.html: 1
[2015-08-17 20:21:05] EDIT fizcode/views/default/courses.html: -1
[2015-08-17 20:22:55] EDIT fizcode/views/default/courses.html: 0
[2015-08-17 20:24:50] EDIT fizcode/views/default/courses.html: 0
